Removed Pin From Net: NetName=M1 C Pin=U3-1
Removed Pin From Net: NetName=M1 S Pin=U3-2
Removed Pin From Net: NetName=NetC37_1 Pin=U3-3
Removed Pin From Net: NetName=NetR31_1 Pin=U3-5
Removed Pin From Net: NetName=NetR32_1 Pin=U3-6
Removed Pin From Net: NetName=M1 S Pin=U3-7
Removed Pin From Net: NetName=M2 C Pin=U4-1
Removed Pin From Net: NetName=M2 S Pin=U4-2
Removed Pin From Net: NetName=NetC38_1 Pin=U4-3
Removed Pin From Net: NetName=NetR33_1 Pin=U4-5
Removed Pin From Net: NetName=NetR34_1 Pin=U4-6
Removed Pin From Net: NetName=M2 S Pin=U4-7
Added Pin To Net: NetName=M1 S Pin=U3-1
Added Pin To Net: NetName=NetR32_1 Pin=U3-2
Added Pin To Net: NetName=NetR31_1 Pin=U3-3
Added Pin To Net: NetName=NetC37_1 Pin=U3-5
Added Pin To Net: NetName=M1 S Pin=U3-6
Added Pin To Net: NetName=M1 C Pin=U3-7
Added Pin To Net: NetName=M2 S Pin=U4-1
Added Pin To Net: NetName=NetR34_1 Pin=U4-2
Added Pin To Net: NetName=NetR33_1 Pin=U4-3
Added Pin To Net: NetName=NetC38_1 Pin=U4-5
Added Pin To Net: NetName=M2 S Pin=U4-6
Added Pin To Net: NetName=M2 C Pin=U4-7
